0 info it worked if it ends with ok
1 verbose cli [ '/usr/local/bin/node',
1 verbose cli   '/usr/local/bin/npm',
1 verbose cli   'version',
1 verbose cli   'prerelease' ]
2 info using npm@5.6.0
3 info using node@v9.4.0
4 info git [ 'status', '--porcelain' ]
5 info lifecycle modul@0.1.1-0~preversion: modul@0.1.1-0
6 verbose version.write data { name: 'modul',
6 verbose version.write   version: '0.1.1-0',
6 verbose version.write   description: 'Banc d\'essai pour l\'application démo MODUL.',
6 verbose version.write   author: 'Martin Simard <martin.simard@dti.ulaval.ca>',
6 verbose version.write   private: true,
6 verbose version.write   scripts:
6 verbose version.write    { clean: 'rimraf dist',
6 verbose version.write      dev: 'webpack-dev-server --config conf/webpack.config.js --content-base src --colors --port 8082 --open --history-api-fallback',
6 verbose version.write      build: 'webpack --config conf/webpack.config.js --colors --optimize-minimize',
6 verbose version.write      prod: 'http-server dist -p 8082 -g -o',
6 verbose version.write      unit: 'karma start conf/karma.conf.js --browsers PhantomJS --single-run',
6 verbose version.write      unitall: 'karma start conf/karma.conf.js --single-run',
6 verbose version.write      e2e: 'node tests/e2e/index.js',
6 verbose version.write      test: 'npm run unitall && npm run e2e',
6 verbose version.write      tslint: 'tslint -c conf/tslint.json -e \'src/**/*.d.ts\' -e \'tests/unit/**/*.d.ts\' -s node_modules/custom-tslint-formatters/formatters -t grouped \'src/**/*.ts\' \'tests/unit/**/*.ts\' \'tests/e2e/*.ts\'',
6 verbose version.write      stylelint: 'stylelint "src/**/*.css" "src/**/*.scss" --config conf/stylelint.json' },
6 verbose version.write   dependencies:
6 verbose version.write    { vue: '^2.3.2',
6 verbose version.write      'vue-router': '^2.5.3',
6 verbose version.write      'es6-promise': '^4.1.0' },
6 verbose version.write   devDependencies:
6 verbose version.write    { '@types/node': '^7.0.16',
6 verbose version.write      'awesome-typescript-loader': '^3.1.3',
6 verbose version.write      axios: '^0.16.1',
6 verbose version.write      'compression-webpack-plugin': '^0.4.0',
6 verbose version.write      'css-loader': '^0.28.1',
6 verbose version.write      'html-webpack-plugin': '^2.28.0',
6 verbose version.write      'http-server': '^0.10.0',
6 verbose version.write      'node-sass': '^4.5.2',
6 verbose version.write      'postcss-loader': '^1.3.3',
6 verbose version.write      rimraf: '^2.6.1',
6 verbose version.write      'sass-loader': '^6.0.3',
6 verbose version.write      'style-loader': '^0.17.0',
6 verbose version.write      typescript: '^2.3.2',
6 verbose version.write      'uglifyjs-webpack-plugin': '^0.4.3',
6 verbose version.write      'uglify-js': '^2.8.22',
6 verbose version.write      'vue-class-component': '^5.0.1',
6 verbose version.write      'vue-property-decorator': '^5.0.1',
6 verbose version.write      'vue-template-compiler': '^2.3.2',
6 verbose version.write      'vue-template-loader': '^0.3.1',
6 verbose version.write      vuex: '^2.3.1',
6 verbose version.write      webpack: '^2.4.1',
6 verbose version.write      'webpack-dev-server': '^2.4.5',
6 verbose version.write      'custom-tslint-formatters': '^2.1.0',
6 verbose version.write      tslint: '^5.1.0',
6 verbose version.write      'tslint-config-standard': '^5.0.2',
6 verbose version.write      'tslint-loader': '^3.5.3',
6 verbose version.write      stylelint: '^7.10.1',
6 verbose version.write      'stylelint-config-standard': '^16.0.0',
6 verbose version.write      'stylelint-scss': '^1.4.4',
6 verbose version.write      'stylelint-webpack-plugin': '^0.7.0',
6 verbose version.write      '@types/jasmine': '^2.5.47',
6 verbose version.write      'jasmine-core': '^2.4.1',
6 verbose version.write      karma: '^1.4.1',
6 verbose version.write      'karma-chrome-launcher': '^2.1.1',
6 verbose version.write      'karma-firefox-launcher': '^1.0.1',
6 verbose version.write      'karma-jasmine': '^0.3.6',
6 verbose version.write      'karma-phantomjs-launcher': '^1.0.2',
6 verbose version.write      'karma-spec-reporter': '0.0.26',
6 verbose version.write      'karma-webpack': '^2.0.2',
6 verbose version.write      chromedriver: '^2.27.2',
6 verbose version.write      nightwatch: '^0.9.12',
6 verbose version.write      'selenium-server': '^3.0.1',
6 verbose version.write      'modul-components': '^0.1.0' },
6 verbose version.write   repository:
6 verbose version.write    { type: 'git',
6 verbose version.write      url: 'https://github.com/ulaval/vuejs-typescript-template.git' },
6 verbose version.write   engines: { node: '>= 6.0.0', npm: '>= 3.0.0' },
6 verbose version.write   browserslist: [ '> 1%', 'last 2 versions', 'not ie <= 10' ],
6 verbose version.write   license: 'Apache-2.0' } to package.json
7 info lifecycle modul@0.1.1-0~version: modul@0.1.1-0
8 info git [ 'add',
8 info git   '/var/lib/jenkins-slave/workspace/creer-branche-pipeline/package.json' ]
9 info git [ 'commit', '-m', '0.1.1-0' ]
10 info git [ 'tag', 'v0.1.1-0', '-am', '0.1.1-0' ]
11 verbose stack Error: Command failed: git tag v0.1.1-0 -am 0.1.1-0
11 verbose stack fatal: tag 'v0.1.1-0' already exists
11 verbose stack
11 verbose stack     at ChildProcess.exithandler (child_process.js:272:12)
11 verbose stack     at ChildProcess.emit (events.js:160:13)
11 verbose stack     at maybeClose (internal/child_process.js:943:16)
11 verbose stack     at Socket.stream.socket.on (internal/child_process.js:363:11)
11 verbose stack     at Socket.emit (events.js:160:13)
11 verbose stack     at Pipe._handle.close [as _onclose] (net.js:559:12)
12 verbose cwd /var/lib/jenkins-slave/workspace/creer-branche-pipeline
13 verbose Linux 3.10.0-693.17.1.el7.x86_64
14 verbose argv "/usr/local/bin/node" "/usr/local/bin/npm" "version" "prerelease"
15 verbose node v9.4.0
16 verbose npm  v5.6.0
17 error code 128
18 error Command failed: git tag v0.1.1-0 -am 0.1.1-0
18 error fatal: tag 'v0.1.1-0' already exists
19 verbose exit [ 1, true ]
